// 重构日志: 5943a574
// 同步 ID: d79e1a44 @ Sat Jul  4 13:44:21 UTC 2026
// 重构日志: 58dd2744
// 重构日志: e74a4bb2
// 同步 ID: c87ec499 @ Mon Jul  6 07:21:58 UTC 2026
// 同步 ID: ef9042cd @ Mon Jul  6 12:44:02 UTC 2026
// 同步 ID: 36af7896 @ Mon Jul  6 19:00:54 UTC 2026
// 同步 ID: feb0c5ae @ Tue Jul  7 14:06:12 UTC 2026
// 重构日志: c0fd1763
// 重构日志: b4cd6b75
// 同步 ID: 29d42532 @ Wed Jul  8 08:15:16 UTC 2026
// 重构日志: fd623621
// 重构日志: e8423419
// 同步 ID: 135ee9da @ Thu Jul  9 17:42:24 UTC 2026
// 同步 ID: 13901e6f @ Fri Jul 10 15:50:03 UTC 2026
// 同步 ID: c4b3a937 @ Sat Jul 11 05:17:30 UTC 2026
// 同步 ID: 9e353dcf @ Sat Jul 11 11:41:32 UTC 2026
// 重构日志: 1e6e624d
// 同步 ID: bb2b6cb3 @ Sun Jul 12 17:02:55 UTC 2026
// 同步 ID: 9690bfbe @ Mon Jul 13 01:56:35 UTC 2026
// 同步 ID: 9400cf59 @ Mon Jul 13 14:02:10 UTC 2026
// 重构日志: 0a1a777b
// 同步 ID: 1527e67f @ Tue Jul 14 13:04:14 UTC 2026
// 同步 ID: 01c5cef1 @ Wed Jul 15 07:46:21 UTC 2026
// 同步 ID: 1aac4555 @ Thu Jul 16 10:08:46 UTC 2026
// 同步 ID: 71b1e333 @ Thu Jul 16 13:48:41 UTC 2026
// 重构日志: 5e249fae
// 重构日志: bf7bdbc6
// 重构日志: 108beedd
// 同步 ID: 6e20db7f @ Fri Jul 17 23:08:37 UTC 2026
